<?xml version="1.0" encoding="UTF-8"?>
<!-- Generated by org.testng.reporters.JUnitXMLReporter -->
<testsuite ignored="0" hostname="DESKTOP-GUPA5RI" failures="1" tests="8" name="Test" time="68.627" errors="0" timestamp="04 Sep. 2021 18:12:28 GMT">
  <testcase classname="tests.HalisBurtonCountyTest" name="DropDownItemsTest" time="2.318"/>
  <testcase classname="tests.HalisBurtonCountyTest" name="TitleTest" time="0.046"/>
  <testcase classname="tests.HalisBurtonCountyTest" name="dropDownTest" time="2.465"/>
  <testcase classname="tests.indexpageTest" name="delibratelyFailedTest" time="0.004">
    <failure type="java.lang.AssertionError" message="expected [false] but found [true]">
      <![CDATA[java.lang.AssertionError: expected [false] but found [true]
at tests.indexpageTest.delibratelyFailedTest(indexpageTest.java:53)
... Removed 33 stack frames]]>
    </failure>
  </testcase> <!-- delibratelyFailedTest -->
  <testcase classname="tests.indexpageTest" name="loginTest" time="2.497"/>
  <testcase classname="tests.indexpageTest" name="loginTest" time="2.307"/>
  <testcase classname="tests.indexpageTest" name="loginTest" time="2.353"/>
  <testcase classname="tests.indexpageTest" name="titleTest" time="0.038"/>
</testsuite> <!-- Test -->
