<?xml version="1.0" encoding="UTF-8"?>
<!-- Generated by org.testng.reporters.JUnitXMLReporter -->
<testsuite ignored="2" hostname="DESKTOP-GUPA5RI" failures="1" tests="1" name="Test(failed)" time="7.898" errors="0" timestamp="04 Sep. 2021 17:37:46 GMT">
  <testcase classname="tests.indexpageTest" name="delibratelyFailedTest" time="0.013">
    <failure type="java.lang.AssertionError" message="expected [false] but found [true]">
      <![CDATA[java.lang.AssertionError: expected [false] but found [true]
at tests.indexpageTest.delibratelyFailedTest(indexpageTest.java:46)
... Removed 29 stack frames]]>
    </failure>
  </testcase> <!-- delibratelyFailedTest -->
  <testcase classname="tests.indexpageTest" name="titleTest" time="0.0">
    <ignored/>
  </testcase> <!-- titleTest -->
  <testcase classname="tests.indexpageTest" name="loginTest" time="0.0">
    <ignored/>
  </testcase> <!-- loginTest -->
</testsuite> <!-- Test(failed) -->
