<?xml version="1.0" encoding="UTF-8"?>
<testng-results ignored="0" total="8" passed="7" failed="1" skipped="0">
  <reporter-output>
  </reporter-output>
  <suite started-at="2021-09-04T18:11:19Z" name="Suite" finished-at="2021-09-04T18:12:28Z" duration-ms="68627">
    <groups>
    </groups>
    <test started-at="2021-09-04T18:11:19Z" name="Test" finished-at="2021-09-04T18:12:28Z" duration-ms="68627">
      <class name="tests.indexpageTest">
        <test-method is-config="true" signature="setUp(java.lang.String)[pri:0, instance:tests.indexpageTest@35399441]" started-at="2021-09-04T18:11:51Z" name="setUp" finished-at="2021-09-04T18:11:56Z" duration-ms="4912" status="PASS">
          <params>
            <param index="0">
              <value>
                <![CDATA[chrome]]>
              </value>
            </param>
          </params>
          <reporter-output>
          </reporter-output>
        </test-method> <!-- setUp -->
        <test-method signature="delibratelyFailedTest()[pri:0, instance:tests.indexpageTest@35399441]" started-at="2021-09-04T18:11:56Z" name="delibratelyFailedTest" finished-at="2021-09-04T18:11:56Z" duration-ms="4" status="FAIL">
          <exception class="java.lang.AssertionError">
            <message>
              <![CDATA[expected [false] but found [true]]]>
            </message>
            <full-stacktrace>
              <![CDATA[java.lang.AssertionError: expected [false] but found [true]
at org.testng.Assert.fail(Assert.java:96)
at org.testng.Assert.failNotEquals(Assert.java:776)
at org.testng.Assert.assertFalse(Assert.java:65)
at org.testng.Assert.assertFalse(Assert.java:75)
at tests.indexpageTest.delibratelyFailedTest(indexpageTest.java:53)
at java.base/jdk.internal.reflect.NativeMethodAccessorImpl.invoke0(Native Method)
at java.base/jdk.internal.reflect.NativeMethodAccessorImpl.invoke(NativeMethodAccessorImpl.java:62)
at java.base/jdk.internal.reflect.DelegatingMethodAccessorImpl.invoke(DelegatingMethodAccessorImpl.java:43)
at java.base/java.lang.reflect.Method.invoke(Method.java:566)
at org.testng.internal.MethodInvocationHelper.invokeMethod(MethodInvocationHelper.java:124)
at org.testng.internal.Invoker.invokeMethod(Invoker.java:583)
at org.testng.internal.Invoker.invokeTestMethod(Invoker.java:719)
at org.testng.internal.Invoker.invokeTestMethods(Invoker.java:989)
at org.testng.internal.TestMethodWorker.invokeTestMethods(TestMethodWorker.java:125)
at org.testng.internal.TestMethodWorker.run(TestMethodWorker.java:109)
at org.testng.TestRunner.privateRun(TestRunner.java:648)
at org.testng.TestRunner.run(TestRunner.java:505)
at org.testng.SuiteRunner.runTest(SuiteRunner.java:455)
at org.testng.SuiteRunner.runSequentially(SuiteRunner.java:450)
at org.testng.SuiteRunner.privateRun(SuiteRunner.java:415)
at org.testng.SuiteRunner.run(SuiteRunner.java:364)
at org.testng.SuiteRunnerWorker.runSuite(SuiteRunnerWorker.java:52)
at org.testng.SuiteRunnerWorker.run(SuiteRunnerWorker.java:84)
at org.testng.TestNG.runSuitesSequentially(TestNG.java:1208)
at org.testng.TestNG.runSuitesLocally(TestNG.java:1137)
at org.testng.TestNG.runSuites(TestNG.java:1049)
at org.testng.TestNG.run(TestNG.java:1017)
at org.apache.maven.surefire.testng.TestNGExecutor.run(TestNGExecutor.java:284)
at org.apache.maven.surefire.testng.TestNGXmlTestSuite.execute(TestNGXmlTestSuite.java:75)
at org.apache.maven.surefire.testng.TestNGProvider.invoke(TestNGProvider.java:119)
at org.apache.maven.surefire.booter.ForkedBooter.runSuitesInProcess(ForkedBooter.java:428)
at org.apache.maven.surefire.booter.ForkedBooter.execute(ForkedBooter.java:162)
at org.apache.maven.surefire.booter.ForkedBooter.run(ForkedBooter.java:562)
at org.apache.maven.surefire.booter.ForkedBooter.main(ForkedBooter.java:548)
]]>
            </full-stacktrace>
          </exception> <!-- java.lang.AssertionError -->
          <reporter-output>
          </reporter-output>
        </test-method> <!-- delibratelyFailedTest -->
        <test-method is-config="true" signature="tearDown(org.testng.ITestResult)[pri:0, instance:tests.indexpageTest@35399441]" started-at="2021-09-04T18:11:56Z" name="tearDown" finished-at="2021-09-04T18:11:57Z" duration-ms="818" status="PASS">
          <params>
            <param index="0">
              <value>
                <![CDATA[[TestResult name=delibratelyFailedTest status=FAILURE method=indexpageTest.delibratelyFailedTest()[pri:0, instance:tests.indexpageTest@35399441] output={null}]]]>
              </value>
            </param>
          </params>
          <reporter-output>
          </reporter-output>
        </test-method> <!-- tearDown -->
        <test-method is-config="true" signature="setUp(java.lang.String)[pri:0, instance:tests.indexpageTest@35399441]" started-at="2021-09-04T18:11:57Z" name="setUp" finished-at="2021-09-04T18:12:01Z" duration-ms="3871" status="PASS">
          <params>
            <param index="0">
              <value>
                <![CDATA[chrome]]>
              </value>
            </param>
          </params>
          <reporter-output>
          </reporter-output>
        </test-method> <!-- setUp -->
        <test-method signature="loginTest(java.lang.String, java.lang.String)[pri:0, instance:tests.indexpageTest@35399441]" started-at="2021-09-04T18:12:01Z" name="loginTest" data-provider="datapro" finished-at="2021-09-04T18:12:03Z" duration-ms="2497" status="PASS">
          <params>
            <param index="0">
              <value>
                <![CDATA[Johny]]>
              </value>
            </param>
            <param index="1">
              <value>
                <![CDATA[Walker]]>
              </value>
            </param>
          </params>
          <reporter-output>
          </reporter-output>
        </test-method> <!-- loginTest -->
        <test-method is-config="true" signature="tearDown(org.testng.ITestResult)[pri:0, instance:tests.indexpageTest@35399441]" started-at="2021-09-04T18:12:03Z" name="tearDown" finished-at="2021-09-04T18:12:04Z" duration-ms="662" status="PASS">
          <params>
            <param index="0">
              <value>
                <![CDATA[[TestResult name=loginTest status=SUCCESS method=indexpageTest.loginTest(java.lang.String, java.lang.String)[pri:0, instance:tests.indexpageTest@35399441] output={null}]]]>
              </value>
            </param>
          </params>
          <reporter-output>
          </reporter-output>
        </test-method> <!-- tearDown -->
        <test-method is-config="true" signature="setUp(java.lang.String)[pri:0, instance:tests.indexpageTest@35399441]" started-at="2021-09-04T18:12:04Z" name="setUp" finished-at="2021-09-04T18:12:08Z" duration-ms="4399" status="PASS">
          <params>
            <param index="0">
              <value>
                <![CDATA[chrome]]>
              </value>
            </param>
          </params>
          <reporter-output>
          </reporter-output>
        </test-method> <!-- setUp -->
        <test-method signature="loginTest(java.lang.String, java.lang.String)[pri:0, instance:tests.indexpageTest@35399441]" started-at="2021-09-04T18:12:08Z" name="loginTest" data-provider="datapro" finished-at="2021-09-04T18:12:10Z" duration-ms="2307" status="PASS">
          <params>
            <param index="0">
              <value>
                <![CDATA[Peter]]>
              </value>
            </param>
            <param index="1">
              <value>
                <![CDATA[Parker]]>
              </value>
            </param>
          </params>
          <reporter-output>
          </reporter-output>
        </test-method> <!-- loginTest -->
        <test-method is-config="true" signature="tearDown(org.testng.ITestResult)[pri:0, instance:tests.indexpageTest@35399441]" started-at="2021-09-04T18:12:10Z" name="tearDown" finished-at="2021-09-04T18:12:11Z" duration-ms="841" status="PASS">
          <params>
            <param index="0">
              <value>
                <![CDATA[[TestResult name=loginTest status=SUCCESS method=indexpageTest.loginTest(java.lang.String, java.lang.String)[pri:0, instance:tests.indexpageTest@35399441] output={null}]]]>
              </value>
            </param>
          </params>
          <reporter-output>
          </reporter-output>
        </test-method> <!-- tearDown -->
        <test-method is-config="true" signature="setUp(java.lang.String)[pri:0, instance:tests.indexpageTest@35399441]" started-at="2021-09-04T18:12:11Z" name="setUp" finished-at="2021-09-04T18:12:20Z" duration-ms="8389" status="PASS">
          <params>
            <param index="0">
              <value>
                <![CDATA[chrome]]>
              </value>
            </param>
          </params>
          <reporter-output>
          </reporter-output>
        </test-method> <!-- setUp -->
        <test-method signature="loginTest(java.lang.String, java.lang.String)[pri:0, instance:tests.indexpageTest@35399441]" started-at="2021-09-04T18:12:20Z" name="loginTest" data-provider="datapro" finished-at="2021-09-04T18:12:22Z" duration-ms="2353" status="PASS">
          <params>
            <param index="0">
              <value>
                <![CDATA[Robert]]>
              </value>
            </param>
            <param index="1">
              <value>
                <![CDATA[Junior]]>
              </value>
            </param>
          </params>
          <reporter-output>
          </reporter-output>
        </test-method> <!-- loginTest -->
        <test-method is-config="true" signature="tearDown(org.testng.ITestResult)[pri:0, instance:tests.indexpageTest@35399441]" started-at="2021-09-04T18:12:22Z" name="tearDown" finished-at="2021-09-04T18:12:23Z" duration-ms="1145" status="PASS">
          <params>
            <param index="0">
              <value>
                <![CDATA[[TestResult name=loginTest status=SUCCESS method=indexpageTest.loginTest(java.lang.String, java.lang.String)[pri:0, instance:tests.indexpageTest@35399441] output={null}]]]>
              </value>
            </param>
          </params>
          <reporter-output>
          </reporter-output>
        </test-method> <!-- tearDown -->
        <test-method is-config="true" signature="setUp(java.lang.String)[pri:0, instance:tests.indexpageTest@35399441]" started-at="2021-09-04T18:12:23Z" name="setUp" finished-at="2021-09-04T18:12:27Z" duration-ms="4078" status="PASS">
          <params>
            <param index="0">
              <value>
                <![CDATA[chrome]]>
              </value>
            </param>
          </params>
          <reporter-output>
          </reporter-output>
        </test-method> <!-- setUp -->
        <test-method signature="titleTest()[pri:0, instance:tests.indexpageTest@35399441]" started-at="2021-09-04T18:12:27Z" name="titleTest" finished-at="2021-09-04T18:12:27Z" duration-ms="38" status="PASS">
          <reporter-output>
          </reporter-output>
        </test-method> <!-- titleTest -->
        <test-method is-config="true" signature="tearDown(org.testng.ITestResult)[pri:0, instance:tests.indexpageTest@35399441]" started-at="2021-09-04T18:12:27Z" name="tearDown" finished-at="2021-09-04T18:12:28Z" duration-ms="724" status="PASS">
          <params>
            <param index="0">
              <value>
                <![CDATA[[TestResult name=titleTest status=SUCCESS method=indexpageTest.titleTest()[pri:0, instance:tests.indexpageTest@35399441] output={null}]]]>
              </value>
            </param>
          </params>
          <reporter-output>
          </reporter-output>
        </test-method> <!-- tearDown -->
      </class> <!-- tests.indexpageTest -->
      <class name="tests.HalisBurtonCountyTest">
        <test-method is-config="true" signature="setUp(java.lang.String)[pri:0, instance:tests.HalisBurtonCountyTest@1f75a668]" started-at="2021-09-04T18:11:19Z" name="setUp" finished-at="2021-09-04T18:11:27Z" duration-ms="7593" status="PASS">
          <params>
            <param index="0">
              <value>
                <![CDATA[chrome]]>
              </value>
            </param>
          </params>
          <reporter-output>
          </reporter-output>
        </test-method> <!-- setUp -->
        <test-method signature="DropDownItemsTest()[pri:0, instance:tests.HalisBurtonCountyTest@1f75a668]" started-at="2021-09-04T18:11:27Z" name="DropDownItemsTest" finished-at="2021-09-04T18:11:29Z" duration-ms="2318" status="PASS">
          <reporter-output>
          </reporter-output>
        </test-method> <!-- DropDownItemsTest -->
        <test-method is-config="true" signature="quit(org.testng.ITestResult)[pri:0, instance:tests.HalisBurtonCountyTest@1f75a668]" started-at="2021-09-04T18:11:29Z" name="quit" finished-at="2021-09-04T18:11:30Z" duration-ms="704" status="PASS">
          <params>
            <param index="0">
              <value>
                <![CDATA[[TestResult name=DropDownItemsTest status=SUCCESS method=HalisBurtonCountyTest.DropDownItemsTest()[pri:0, instance:tests.HalisBurtonCountyTest@1f75a668] output={null}]]]>
              </value>
            </param>
          </params>
          <reporter-output>
          </reporter-output>
        </test-method> <!-- quit -->
        <test-method is-config="true" signature="setUp(java.lang.String)[pri:0, instance:tests.HalisBurtonCountyTest@1f75a668]" started-at="2021-09-04T18:11:30Z" name="setUp" finished-at="2021-09-04T18:11:39Z" duration-ms="9057" status="PASS">
          <params>
            <param index="0">
              <value>
                <![CDATA[chrome]]>
              </value>
            </param>
          </params>
          <reporter-output>
          </reporter-output>
        </test-method> <!-- setUp -->
        <test-method signature="TitleTest()[pri:0, instance:tests.HalisBurtonCountyTest@1f75a668]" started-at="2021-09-04T18:11:39Z" name="TitleTest" finished-at="2021-09-04T18:11:39Z" duration-ms="46" status="PASS">
          <reporter-output>
          </reporter-output>
        </test-method> <!-- TitleTest -->
        <test-method is-config="true" signature="quit(org.testng.ITestResult)[pri:0, instance:tests.HalisBurtonCountyTest@1f75a668]" started-at="2021-09-04T18:11:39Z" name="quit" finished-at="2021-09-04T18:11:40Z" duration-ms="697" status="PASS">
          <params>
            <param index="0">
              <value>
                <![CDATA[[TestResult name=TitleTest status=SUCCESS method=HalisBurtonCountyTest.TitleTest()[pri:0, instance:tests.HalisBurtonCountyTest@1f75a668] output={null}]]]>
              </value>
            </param>
          </params>
          <reporter-output>
          </reporter-output>
        </test-method> <!-- quit -->
        <test-method is-config="true" signature="setUp(java.lang.String)[pri:0, instance:tests.HalisBurtonCountyTest@1f75a668]" started-at="2021-09-04T18:11:40Z" name="setUp" finished-at="2021-09-04T18:11:48Z" duration-ms="7744" status="PASS">
          <params>
            <param index="0">
              <value>
                <![CDATA[chrome]]>
              </value>
            </param>
          </params>
          <reporter-output>
          </reporter-output>
        </test-method> <!-- setUp -->
        <test-method signature="dropDownTest()[pri:0, instance:tests.HalisBurtonCountyTest@1f75a668]" started-at="2021-09-04T18:11:48Z" name="dropDownTest" finished-at="2021-09-04T18:11:50Z" duration-ms="2465" status="PASS">
          <reporter-output>
          </reporter-output>
        </test-method> <!-- dropDownTest -->
        <test-method is-config="true" signature="quit(org.testng.ITestResult)[pri:0, instance:tests.HalisBurtonCountyTest@1f75a668]" started-at="2021-09-04T18:11:50Z" name="quit" finished-at="2021-09-04T18:11:51Z" duration-ms="906" status="PASS">
          <params>
            <param index="0">
              <value>
                <![CDATA[[TestResult name=dropDownTest status=SUCCESS method=HalisBurtonCountyTest.dropDownTest()[pri:0, instance:tests.HalisBurtonCountyTest@1f75a668] output={null}]]]>
              </value>
            </param>
          </params>
          <reporter-output>
          </reporter-output>
        </test-method> <!-- quit -->
      </class> <!-- tests.HalisBurtonCountyTest -->
    </test> <!-- Test -->
  </suite> <!-- Suite -->
</testng-results>
